<?xml version="1.0" encoding="UTF-8"?>
<testng-results skipped="0" failed="0" ignored="0" total="2" passed="2">
  <reporter-output>
    <line>
      <![CDATA[opening....]]>
    </line>
    <line>
      <![CDATA[opeing second.....]]>
    </line>
    <line>
      <![CDATA[title name matching...Dashboard=Dashboard]]>
    </line>
  </reporter-output>
  <suite name="Default suite" duration-ms="19225" started-at="2017-12-07T15:58:27Z" finished-at="2017-12-07T15:58:46Z">
    <groups>
    </groups>
    <test name="Default test" duration-ms="19225" started-at="2017-12-07T15:58:27Z" finished-at="2017-12-07T15:58:46Z">
      <class name="executor.Demo1">
        <test-method status="PASS" signature="openApplication()[pri:0, instance:executor.Demo1@523884b2]" name="openApplication" is-config="true" duration-ms="4291" started-at="2017-12-07T21:28:27Z" finished-at="2017-12-07T21:28:31Z">
          <reporter-output>
          </reporter-output>
        </test-method> <!-- openApplication -->
        <test-method status="PASS" signature="test1()[pri:2, instance:executor.Demo1@523884b2]" name="test1" duration-ms="826" started-at="2017-12-07T21:28:31Z" finished-at="2017-12-07T21:28:32Z">
          <reporter-output>
            <line>
              <![CDATA[opening....]]>
            </line>
          </reporter-output>
        </test-method> <!-- test1 -->
        <test-method status="PASS" signature="closeApp()[pri:0, instance:executor.Demo1@523884b2]" name="closeApp" is-config="true" duration-ms="173" started-at="2017-12-07T21:28:32Z" finished-at="2017-12-07T21:28:32Z">
          <reporter-output>
          </reporter-output>
        </test-method> <!-- closeApp -->
        <test-method status="PASS" signature="openApplication()[pri:0, instance:executor.Demo1@523884b2]" name="openApplication" is-config="true" duration-ms="3869" started-at="2017-12-07T21:28:32Z" finished-at="2017-12-07T21:28:36Z">
          <reporter-output>
          </reporter-output>
        </test-method> <!-- openApplication -->
        <test-method status="PASS" signature="test2()[pri:0, instance:executor.Demo1@523884b2]" name="test2" duration-ms="9820" started-at="2017-12-07T21:28:36Z" depends-on-methods="executor.Demo1.test1" finished-at="2017-12-07T21:28:46Z">
          <reporter-output>
            <line>
              <![CDATA[opeing second.....]]>
            </line>
            <line>
              <![CDATA[title name matching...Dashboard=Dashboard]]>
            </line>
          </reporter-output>
        </test-method> <!-- test2 -->
        <test-method status="PASS" signature="closeApp()[pri:0, instance:executor.Demo1@523884b2]" name="closeApp" is-config="true" duration-ms="205" started-at="2017-12-07T21:28:46Z" finished-at="2017-12-07T21:28:46Z">
          <reporter-output>
          </reporter-output>
        </test-method> <!-- closeApp -->
      </class> <!-- executor.Demo1 -->
    </test> <!-- Default test -->
  </suite> <!-- Default suite -->
</testng-results>
